This file contains any messages produced by compilers while
running configure, to aid debugging if configure makes a mistake.

It was created by Indri configure 5.8, which was
generated by GNU Autoconf 2.63.  Invocation command line was

  $ ./configure --enable-java --with-javahome=/usr/java/jdk1.8.0_65

## --------- ##
## Platform. ##
## --------- ##

hostname = cep-inst-1
uname -m = x86_64
uname -r = 3.10.0-327.10.1.el7.x86_64
uname -s = Linux
uname -v = #1 SMP Tue Feb 16 17:03:50 UTC 2016

/usr/bin/uname -p = x86_64
/bin/uname -X     = unknown

/bin/arch              = x86_64
/usr/bin/arch -k       = unknown
/usr/convex/getsysinfo = unknown
/usr/bin/hostinfo      = unknown
/bin/machine           = unknown
/usr/bin/oslevel       = unknown
/bin/universe          = unknown

PATH: /opt/installs/gradle/bin
PATH: /usr/java/jdk1.8.0_65/bin
PATH: /usr/local/bin
PATH: /usr/bin
PATH: /usr/local/sbin
PATH: /usr/sbin
PATH: /home/cepadmin/.local/bin
PATH: /home/cepadmin/bin


## ----------- ##
## Core tests. ##
## ----------- ##

configure:1904: checking build system type
configure:1922: result: x86_64-unknown-linux-gnu
configure:1944: checking host system type
configure:1959: result: x86_64-unknown-linux-gnu
configure:2030: checking for gcc
configure:2046: found /usr/bin/gcc
configure:2057: result: gcc
configure:2289: checking for C compiler version
configure:2297: gcc --version >&5
gcc (GCC) 4.8.5 20150623 (Red Hat 4.8.5-4)
Copyright (C) 2015 Free Software Foundation, Inc.
This is free software; see the source for copying conditions.  There is NO
warranty; not even for MERCHANTABILITY or FITNESS FOR A PARTICULAR PURPOSE.

configure:2301: $? = 0
configure:2308: gcc -v >&5
Using built-in specs.
COLLECT_GCC=gcc
COLLECT_LTO_WRAPPER=/usr/libexec/gcc/x86_64-redhat-linux/4.8.5/lto-wrapper
Target: x86_64-redhat-linux
Configured with: ../configure --prefix=/usr --mandir=/usr/share/man --infodir=/usr/share/info --with-bugurl=http://bugzilla.redhat.com/bugzilla --enable-bootstrap --enable-shared --enable-threads=posix --enable-checking=release --with-system-zlib --enable-__cxa_atexit --disable-libunwind-exceptions --enable-gnu-unique-object --enable-linker-build-id --with-linker-hash-style=gnu --enable-languages=c,c++,objc,obj-c++,java,fortran,ada,go,lto --enable-plugin --enable-initfini-array --disable-libgcj --with-isl=/builddir/build/BUILD/gcc-4.8.5-20150702/obj-x86_64-redhat-linux/isl-install --with-cloog=/builddir/build/BUILD/gcc-4.8.5-20150702/obj-x86_64-redhat-linux/cloog-install --enable-gnu-indirect-function --with-tune=generic --with-arch_32=x86-64 --build=x86_64-redhat-linux
Thread model: posix
gcc version 4.8.5 20150623 (Red Hat 4.8.5-4) (GCC) 
configure:2312: $? = 0
configure:2319: gcc -V >&5
gcc: error: unrecognized command line option '-V'
gcc: fatal error: no input files
compilation terminated.
configure:2323: $? = 4
configure:2346: checking for C compiler default output file name
configure:2368: gcc -g -O3   conftest.c  >&5
configure:2372: $? = 0
configure:2410: result: a.out
configure:2429: checking whether the C compiler works
configure:2439: ./a.out
configure:2443: $? = 0
configure:2462: result: yes
configure:2469: checking whether we are cross compiling
configure:2471: result: no
configure:2474: checking for suffix of executables
configure:2481: gcc -o conftest -g -O3   conftest.c  >&5
configure:2485: $? = 0
configure:2511: result: 
configure:2517: checking for suffix of object files
configure:2543: gcc -c -g -O3  conftest.c >&5
configure:2547: $? = 0
configure:2572: result: o
configure:2576: checking whether we are using the GNU C compiler
configure:2605: gcc -c -g -O3  conftest.c >&5
configure:2612: $? = 0
configure:2629: result: yes
configure:2638: checking whether gcc accepts -g
configure:2668: gcc -c -g  conftest.c >&5
configure:2675: $? = 0
configure:2776: result: yes
configure:2793: checking for gcc option to accept ISO C89
configure:2867: gcc  -c -g -O3  conftest.c >&5
configure:2874: $? = 0
configure:2897: result: none needed
configure:2973: checking for g++
configure:2989: found /usr/bin/g++
configure:3000: result: g++
configure:3027: checking for C++ compiler version
configure:3035: g++ --version >&5
g++ (GCC) 4.8.5 20150623 (Red Hat 4.8.5-4)
Copyright (C) 2015 Free Software Foundation, Inc.
This is free software; see the source for copying conditions.  There is NO
warranty; not even for MERCHANTABILITY or FITNESS FOR A PARTICULAR PURPOSE.

configure:3039: $? = 0
configure:3046: g++ -v >&5
Using built-in specs.
COLLECT_GCC=g++
COLLECT_LTO_WRAPPER=/usr/libexec/gcc/x86_64-redhat-linux/4.8.5/lto-wrapper
Target: x86_64-redhat-linux
Configured with: ../configure --prefix=/usr --mandir=/usr/share/man --infodir=/usr/share/info --with-bugurl=http://bugzilla.redhat.com/bugzilla --enable-bootstrap --enable-shared --enable-threads=posix --enable-checking=release --with-system-zlib --enable-__cxa_atexit --disable-libunwind-exceptions --enable-gnu-unique-object --enable-linker-build-id --with-linker-hash-style=gnu --enable-languages=c,c++,objc,obj-c++,java,fortran,ada,go,lto --enable-plugin --enable-initfini-array --disable-libgcj --with-isl=/builddir/build/BUILD/gcc-4.8.5-20150702/obj-x86_64-redhat-linux/isl-install --with-cloog=/builddir/build/BUILD/gcc-4.8.5-20150702/obj-x86_64-redhat-linux/cloog-install --enable-gnu-indirect-function --with-tune=generic --with-arch_32=x86-64 --build=x86_64-redhat-linux
Thread model: posix
gcc version 4.8.5 20150623 (Red Hat 4.8.5-4) (GCC) 
configure:3050: $? = 0
configure:3057: g++ -V >&5
g++: error: unrecognized command line option '-V'
g++: fatal error: no input files
compilation terminated.
configure:3061: $? = 4
configure:3064: checking whether we are using the GNU C++ compiler
configure:3093: g++ -c -g -O3  conftest.cpp >&5
configure:3100: $? = 0
configure:3117: result: yes
configure:3126: checking whether g++ accepts -g
configure:3156: g++ -c -g  conftest.cpp >&5
configure:3163: $? = 0
configure:3264: result: yes
configure:3292: checking for flex
configure:3322: result: no
configure:3292: checking for lex
configure:3322: result: no
configure:3515: checking for a BSD-compatible install
configure:3583: result: /usr/bin/install -c
configure:3598: checking for ar
configure:3616: found /usr/bin/ar
configure:3628: result: /usr/bin/ar
configure:3645: checking for a supported version of gcc
configure:3682: result: ok (4.8.5)
configure:3696: checking for log in -lm
configure:3731: gcc -o conftest -g -O3   conftest.c -lm   >&5
conftest.c:16:6: warning: conflicting types for built-in function 'log' [enabled by default]
 char log ();
      ^
configure:3738: $? = 0
configure:3759: result: yes
configure:3771: checking for pthread_create in -lpthread
configure:3806: gcc -o conftest -g -O3   conftest.c -lpthread  -lm  >&5
configure:3813: $? = 0
configure:3834: result: yes
configure:4043: checking for deflate in -lz
configure:4078: gcc -o conftest -g -O3   conftest.c -lz  -lpthread -lm  >&5
configure:4085: $? = 0
configure:4106: result: yes
configure:4118: checking for mkstemps in -liberty
configure:4153: gcc -o conftest -g -O3   conftest.c -liberty  -lz -lpthread -lm  >&5
/usr/bin/ld: cannot find -liberty
collect2: error: ld returned 1 exit status
configure:4160: $? = 1
configure: failed program was:
| /* confdefs.h.  */
| #define PACKAGE_NAME "Indri"
| #define PACKAGE_TARNAME "indri"
| #define PACKAGE_VERSION "5.8"
| #define PACKAGE_STRING "Indri 5.8"
| #define PACKAGE_BUGREPORT "project@lemurproject.org"
| #define INDRI_STANDALONE 1
| #define HAVE_LIBM 1
| #define HAVE_LIBPTHREAD 1
| #define HAVE_LIBZ 1
| /* end confdefs.h.  */
| 
| /* Override any GCC internal prototype to avoid an error.
|    Use char because int might match the return type of a GCC
|    builtin and then its argument prototype would still apply.  */
| #ifdef __cplusplus
| extern "C"
| #endif
| char mkstemps ();
| int
| main ()
| {
| return mkstemps ();
|   ;
|   return 0;
| }
configure:4181: result: no
configure:4200: checking whether C++ namespaces are supported
configure:4229: g++ -c -g -O3  conftest.cpp >&5
configure:4236: $? = 0
configure:4256: result: yes
configure:4266: checking whether isnan is in namespace std
configure:4297: g++ -c -g -O3  conftest.cpp >&5
configure:4304: $? = 0
configure:4324: result: yes
configure:4334: checking whether isnan is in namespace __gnu_cxx
configure:4365: g++ -c -g -O3  conftest.cpp >&5
conftest.cpp: In function 'int lemur::isnan(float)':
conftest.cpp:15:50: error: 'isnan' is not a member of '__gnu_cxx'
     namespace lemur { int isnan(float x){ return __gnu_cxx::isnan(x); } };
                                                  ^
conftest.cpp:15:50: note: suggested alternatives:
In file included from /usr/include/features.h:375:0,
                 from /usr/include/c++/4.8.2/x86_64-redhat-linux/bits/os_defines.h:39,
                 from /usr/include/c++/4.8.2/x86_64-redhat-linux/bits/c++config.h:2097,
                 from /usr/include/c++/4.8.2/cmath:41,
                 from conftest.cpp:14:
/usr/include/bits/mathcalls.h:235:1: note:   'isnan'
 __MATHDECL_1 (int,isnan,, (_Mdouble_ __value)) __attribute__ ((__const__));
 ^
In file included from conftest.cpp:14:0:
/usr/include/c++/4.8.2/cmath:836:5: note:   'std::isnan'
     isnan(_Tp __f)
     ^
conftest.cpp:15:27: note:   'lemur::isnan'
     namespace lemur { int isnan(float x){ return __gnu_cxx::isnan(x); } };
                           ^
configure:4372: $? = 1
configure: failed program was:
| /* confdefs.h.  */
| #define PACKAGE_NAME "Indri"
| #define PACKAGE_TARNAME "indri"
| #define PACKAGE_VERSION "5.8"
| #define PACKAGE_STRING "Indri 5.8"
| #define PACKAGE_BUGREPORT "project@lemurproject.org"
| #define INDRI_STANDALONE 1
| #define HAVE_LIBM 1
| #define HAVE_LIBPTHREAD 1
| #define HAVE_LIBZ 1
| #define HAVE_NAMESPACES /**/
| #define ISNAN_IN_NAMESPACE_STD /**/
| /* end confdefs.h.  */
| #include <cmath>
| 	   namespace lemur { int isnan(float x){ return __gnu_cxx::isnan(x); } };
| int
| main ()
| {
| 
| 	   using namespace lemur; float x = 1.0; lemur::isnan(x); return 0;
|   ;
|   return 0;
| }
configure:4392: result: no
configure:4406: checking how to run the C preprocessor
configure:4446: gcc -E  conftest.c
configure:4453: $? = 0
configure:4484: gcc -E  conftest.c
conftest.c:14:28: fatal error: ac_nonexistent.h: No such file or directory
 #include <ac_nonexistent.h>
                            ^
compilation terminated.
configure:4491: $? = 1
configure: failed program was:
| /* confdefs.h.  */
| #define PACKAGE_NAME "Indri"
| #define PACKAGE_TARNAME "indri"
| #define PACKAGE_VERSION "5.8"
| #define PACKAGE_STRING "Indri 5.8"
| #define PACKAGE_BUGREPORT "project@lemurproject.org"
| #define INDRI_STANDALONE 1
| #define HAVE_LIBM 1
| #define HAVE_LIBPTHREAD 1
| #define HAVE_LIBZ 1
| #define HAVE_NAMESPACES /**/
| #define ISNAN_IN_NAMESPACE_STD /**/
| /* end confdefs.h.  */
| #include <ac_nonexistent.h>
configure:4524: result: gcc -E
configure:4553: gcc -E  conftest.c
configure:4560: $? = 0
configure:4591: gcc -E  conftest.c
conftest.c:14:28: fatal error: ac_nonexistent.h: No such file or directory
 #include <ac_nonexistent.h>
                            ^
compilation terminated.
configure:4598: $? = 1
configure: failed program was:
| /* confdefs.h.  */
| #define PACKAGE_NAME "Indri"
| #define PACKAGE_TARNAME "indri"
| #define PACKAGE_VERSION "5.8"
| #define PACKAGE_STRING "Indri 5.8"
| #define PACKAGE_BUGREPORT "project@lemurproject.org"
| #define INDRI_STANDALONE 1
| #define HAVE_LIBM 1
| #define HAVE_LIBPTHREAD 1
| #define HAVE_LIBZ 1
| #define HAVE_NAMESPACES /**/
| #define ISNAN_IN_NAMESPACE_STD /**/
| /* end confdefs.h.  */
| #include <ac_nonexistent.h>
configure:4638: checking for grep that handles long lines and -e
configure:4698: result: /usr/bin/grep
configure:4703: checking for egrep
configure:4767: result: /usr/bin/grep -E
configure:4772: checking for ANSI C header files
configure:4802: gcc -c -g -O3  conftest.c >&5
configure:4809: $? = 0
configure:4908: gcc -o conftest -g -O3   conftest.c -lz -lpthread -lm  >&5
configure:4912: $? = 0
configure:4918: ./conftest
configure:4922: $? = 0
configure:4940: result: yes
configure:4964: checking for sys/types.h
configure:4985: gcc -c -g -O3  conftest.c >&5
configure:4992: $? = 0
configure:5009: result: yes
configure:4964: checking for sys/stat.h
configure:4985: gcc -c -g -O3  conftest.c >&5
configure:4992: $? = 0
configure:5009: result: yes
configure:4964: checking for stdlib.h
configure:4985: gcc -c -g -O3  conftest.c >&5
configure:4992: $? = 0
configure:5009: result: yes
configure:4964: checking for string.h
configure:4985: gcc -c -g -O3  conftest.c >&5
configure:4992: $? = 0
configure:5009: result: yes
configure:4964: checking for memory.h
configure:4985: gcc -c -g -O3  conftest.c >&5
configure:4992: $? = 0
configure:5009: result: yes
configure:4964: checking for strings.h
configure:4985: gcc -c -g -O3  conftest.c >&5
configure:4992: $? = 0
configure:5009: result: yes
configure:4964: checking for inttypes.h
configure:4985: gcc -c -g -O3  conftest.c >&5
configure:4992: $? = 0
configure:5009: result: yes
configure:4964: checking for stdint.h
configure:4985: gcc -c -g -O3  conftest.c >&5
configure:4992: $? = 0
configure:5009: result: yes
configure:4964: checking for unistd.h
configure:4985: gcc -c -g -O3  conftest.c >&5
configure:4992: $? = 0
configure:5009: result: yes
configure:5024: checking whether byte ordering is bigendian
configure:5049: gcc -c -g -O3  conftest.c >&5
conftest.c:25:9: error: unknown type name 'not'
         not a universal capable compiler
         ^
conftest.c:25:15: error: expected '=', ',', ';', 'asm' or '__attribute__' before 'universal'
         not a universal capable compiler
               ^
conftest.c:25:15: error: unknown type name 'universal'
configure:5056: $? = 1
configure: failed program was:
| /* confdefs.h.  */
| #define PACKAGE_NAME "Indri"
| #define PACKAGE_TARNAME "indri"
| #define PACKAGE_VERSION "5.8"
| #define PACKAGE_STRING "Indri 5.8"
| #define PACKAGE_BUGREPORT "project@lemurproject.org"
| #define INDRI_STANDALONE 1
| #define HAVE_LIBM 1
| #define HAVE_LIBPTHREAD 1
| #define HAVE_LIBZ 1
| #define HAVE_NAMESPACES /**/
| #define ISNAN_IN_NAMESPACE_STD /**/
| #define STDC_HEADERS 1
| #define HAVE_SYS_TYPES_H 1
| #define HAVE_SYS_STAT_H 1
| #define HAVE_STDLIB_H 1
| #define HAVE_STRING_H 1
| #define HAVE_MEMORY_H 1
| #define HAVE_STRINGS_H 1
| #define HAVE_INTTYPES_H 1
| #define HAVE_STDINT_H 1
| #define HAVE_UNISTD_H 1
| /* end confdefs.h.  */
| #ifndef __APPLE_CC__
| 	       not a universal capable compiler
| 	     #endif
| 	     typedef int dummy;
| 
configure:5106: gcc -c -g -O3  conftest.c >&5
configure:5113: $? = 0
configure:5145: gcc -c -g -O3  conftest.c >&5
conftest.c: In function 'main':
conftest.c:31:4: error: unknown type name 'not'
    not big endian
    ^
conftest.c:31:12: error: expected '=', ',', ';', 'asm' or '__attribute__' before 'endian'
    not big endian
            ^
configure:5152: $? = 1
configure: failed program was:
| /* confdefs.h.  */
| #define PACKAGE_NAME "Indri"
| #define PACKAGE_TARNAME "indri"
| #define PACKAGE_VERSION "5.8"
| #define PACKAGE_STRING "Indri 5.8"
| #define PACKAGE_BUGREPORT "project@lemurproject.org"
| #define INDRI_STANDALONE 1
| #define HAVE_LIBM 1
| #define HAVE_LIBPTHREAD 1
| #define HAVE_LIBZ 1
| #define HAVE_NAMESPACES /**/
| #define ISNAN_IN_NAMESPACE_STD /**/
| #define STDC_HEADERS 1
| #define HAVE_SYS_TYPES_H 1
| #define HAVE_SYS_STAT_H 1
| #define HAVE_STDLIB_H 1
| #define HAVE_STRING_H 1
| #define HAVE_MEMORY_H 1
| #define HAVE_STRINGS_H 1
| #define HAVE_INTTYPES_H 1
| #define HAVE_STDINT_H 1
| #define HAVE_UNISTD_H 1
| /* end confdefs.h.  */
| #include <sys/types.h>
| 		#include <sys/param.h>
| 
| int
| main ()
| {
| #if BYTE_ORDER != BIG_ENDIAN
| 		 not big endian
| 		#endif
| 
|   ;
|   return 0;
| }
configure:5404: result: no
configure:5436: checking for special C compiler options needed for large files
configure:5531: result: no
configure:5537: checking for _FILE_OFFSET_BITS value needed for large files
configure:5572: gcc -c -g -O3  conftest.c >&5
configure:5579: $? = 0
configure:5648: result: no
configure:5785: checking for _LARGEFILE_SOURCE value needed for large files
configure:5814: gcc -o conftest -g -O3   conftest.c -lz -lpthread -lm  >&5
configure:5821: $? = 0
configure:5894: result: no
configure:5932: checking how to run the C++ preprocessor
configure:5968: g++ -E  conftest.cpp
configure:5975: $? = 0
configure:6006: g++ -E  conftest.cpp
conftest.cpp:25:28: fatal error: ac_nonexistent.h: No such file or directory
 #include <ac_nonexistent.h>
                            ^
compilation terminated.
configure:6013: $? = 1
configure: failed program was:
| /* confdefs.h.  */
| #define PACKAGE_NAME "Indri"
| #define PACKAGE_TARNAME "indri"
| #define PACKAGE_VERSION "5.8"
| #define PACKAGE_STRING "Indri 5.8"
| #define PACKAGE_BUGREPORT "project@lemurproject.org"
| #define INDRI_STANDALONE 1
| #define HAVE_LIBM 1
| #define HAVE_LIBPTHREAD 1
| #define HAVE_LIBZ 1
| #define HAVE_NAMESPACES /**/
| #define ISNAN_IN_NAMESPACE_STD /**/
| #define STDC_HEADERS 1
| #define HAVE_SYS_TYPES_H 1
| #define HAVE_SYS_STAT_H 1
| #define HAVE_STDLIB_H 1
| #define HAVE_STRING_H 1
| #define HAVE_MEMORY_H 1
| #define HAVE_STRINGS_H 1
| #define HAVE_INTTYPES_H 1
| #define HAVE_STDINT_H 1
| #define HAVE_UNISTD_H 1
| #define HAVE_FSEEKO 1
| /* end confdefs.h.  */
| #include <ac_nonexistent.h>
configure:6046: result: g++ -E
configure:6075: g++ -E  conftest.cpp
configure:6082: $? = 0
configure:6113: g++ -E  conftest.cpp
conftest.cpp:25:28: fatal error: ac_nonexistent.h: No such file or directory
 #include <ac_nonexistent.h>
                            ^
compilation terminated.
configure:6120: $? = 1
configure: failed program was:
| /* confdefs.h.  */
| #define PACKAGE_NAME "Indri"
| #define PACKAGE_TARNAME "indri"
| #define PACKAGE_VERSION "5.8"
| #define PACKAGE_STRING "Indri 5.8"
| #define PACKAGE_BUGREPORT "project@lemurproject.org"
| #define INDRI_STANDALONE 1
| #define HAVE_LIBM 1
| #define HAVE_LIBPTHREAD 1
| #define HAVE_LIBZ 1
| #define HAVE_NAMESPACES /**/
| #define ISNAN_IN_NAMESPACE_STD /**/
| #define STDC_HEADERS 1
| #define HAVE_SYS_TYPES_H 1
| #define HAVE_SYS_STAT_H 1
| #define HAVE_STDLIB_H 1
| #define HAVE_STRING_H 1
| #define HAVE_MEMORY_H 1
| #define HAVE_STRINGS_H 1
| #define HAVE_INTTYPES_H 1
| #define HAVE_STDINT_H 1
| #define HAVE_UNISTD_H 1
| #define HAVE_FSEEKO 1
| /* end confdefs.h.  */
| #include <ac_nonexistent.h>
configure:6176: checking bits/atomicity.h usability
configure:6193: g++ -c -g -O3  conftest.cpp >&5
conftest.cpp:58:28: fatal error: bits/atomicity.h: No such file or directory
 #include <bits/atomicity.h>
                            ^
compilation terminated.
configure:6200: $? = 1
configure: failed program was:
| /* confdefs.h.  */
| #define PACKAGE_NAME "Indri"
| #define PACKAGE_TARNAME "indri"
| #define PACKAGE_VERSION "5.8"
| #define PACKAGE_STRING "Indri 5.8"
| #define PACKAGE_BUGREPORT "project@lemurproject.org"
| #define INDRI_STANDALONE 1
| #define HAVE_LIBM 1
| #define HAVE_LIBPTHREAD 1
| #define HAVE_LIBZ 1
| #define HAVE_NAMESPACES /**/
| #define ISNAN_IN_NAMESPACE_STD /**/
| #define STDC_HEADERS 1
| #define HAVE_SYS_TYPES_H 1
| #define HAVE_SYS_STAT_H 1
| #define HAVE_STDLIB_H 1
| #define HAVE_STRING_H 1
| #define HAVE_MEMORY_H 1
| #define HAVE_STRINGS_H 1
| #define HAVE_INTTYPES_H 1
| #define HAVE_STDINT_H 1
| #define HAVE_UNISTD_H 1
| #define HAVE_FSEEKO 1
| /* end confdefs.h.  */
| #include <stdio.h>
| #ifdef HAVE_SYS_TYPES_H
| # include <sys/types.h>
| #endif
| #ifdef HAVE_SYS_STAT_H
| # include <sys/stat.h>
| #endif
| #ifdef STDC_HEADERS
| # include <stdlib.h>
| # include <stddef.h>
| #else
| # ifdef HAVE_STDLIB_H
| #  include <stdlib.h>
| # endif
| #endif
| #ifdef HAVE_STRING_H
| # if !defined STDC_HEADERS && defined HAVE_MEMORY_H
| #  include <memory.h>
| # endif
| # include <string.h>
| #endif
| #ifdef HAVE_STRINGS_H
| # include <strings.h>
| #endif
| #ifdef HAVE_INTTYPES_H
| # include <inttypes.h>
| #endif
| #ifdef HAVE_STDINT_H
| # include <stdint.h>
| #endif
| #ifdef HAVE_UNISTD_H
| # include <unistd.h>
| #endif
| #include <bits/atomicity.h>
configure:6214: result: no
configure:6218: checking bits/atomicity.h presence
configure:6233: g++ -E  conftest.cpp
conftest.cpp:25:28: fatal error: bits/atomicity.h: No such file or directory
 #include <bits/atomicity.h>
                            ^
compilation terminated.
configure:6240: $? = 1
configure: failed program was:
| /* confdefs.h.  */
| #define PACKAGE_NAME "Indri"
| #define PACKAGE_TARNAME "indri"
| #define PACKAGE_VERSION "5.8"
| #define PACKAGE_STRING "Indri 5.8"
| #define PACKAGE_BUGREPORT "project@lemurproject.org"
| #define INDRI_STANDALONE 1
| #define HAVE_LIBM 1
| #define HAVE_LIBPTHREAD 1
| #define HAVE_LIBZ 1
| #define HAVE_NAMESPACES /**/
| #define ISNAN_IN_NAMESPACE_STD /**/
| #define STDC_HEADERS 1
| #define HAVE_SYS_TYPES_H 1
| #define HAVE_SYS_STAT_H 1
| #define HAVE_STDLIB_H 1
| #define HAVE_STRING_H 1
| #define HAVE_MEMORY_H 1
| #define HAVE_STRINGS_H 1
| #define HAVE_INTTYPES_H 1
| #define HAVE_STDINT_H 1
| #define HAVE_UNISTD_H 1
| #define HAVE_FSEEKO 1
| /* end confdefs.h.  */
| #include <bits/atomicity.h>
configure:6254: result: no
configure:6287: checking for bits/atomicity.h
configure:6296: result: no
configure:6327: checking ext/atomicity.h usability
configure:6344: g++ -c -g -O3  conftest.cpp >&5
configure:6351: $? = 0
configure:6365: result: yes
configure:6369: checking ext/atomicity.h presence
configure:6384: g++ -E  conftest.cpp
configure:6391: $? = 0
configure:6405: result: yes
configure:6438: checking for ext/atomicity.h
configure:6447: result: yes
configure:6563: checking for mkstemp
configure:6619: gcc -o conftest -g -O3   conftest.c -lz -lpthread -lm  >&5
configure:6626: $? = 0
configure:6648: result: yes
configure:6664: checking for mkstemps
configure:6720: gcc -o conftest -g -O3   conftest.c -lz -lpthread -lm  >&5
configure:6727: $? = 0
configure:6749: result: yes
configure:6964: checking for java include file jni.h
configure:6972: result: /usr/java/jdk1.8.0_65/include
configure:6985: checking for java include file jni_md.h
configure:6996: result: /usr/java/jdk1.8.0_65/include/linux
configure:7150: checking for swig
configure:7183: result: no
configure:7362: creating ./config.status

## ---------------------- ##
## Running config.status. ##
## ---------------------- ##

This file was extended by Indri config.status 5.8, which was
generated by GNU Autoconf 2.63.  Invocation command line was

  CONFIG_FILES    = 
  CONFIG_HEADERS  = 
  CONFIG_LINKS    = 
  CONFIG_COMMANDS = 
  $ ./config.status 

on cep-inst-1

config.status:695: creating MakeDefns
config.status:695: creating Makefile.app
config.status:695: creating site-search/build.param
config.status:695: creating site-search/crawl-index
config.status:695: creating site-search/seeds.txt
config.status:695: creating site-search/excluded_hosts

## ---------------- ##
## Cache variables. ##
## ---------------- ##

ac_cv_build=x86_64-unknown-linux-gnu
ac_cv_c_bigendian=no
ac_cv_c_compiler_gnu=yes
ac_cv_cxx_compiler_gnu=yes
ac_cv_cxx_isnan_gnu_cxx=no
ac_cv_cxx_isnan_std=yes
ac_cv_cxx_namespaces=yes
ac_cv_env_CCC_set=
ac_cv_env_CCC_value=
ac_cv_env_CC_set=
ac_cv_env_CC_value=
ac_cv_env_CFLAGS_set=
ac_cv_env_CFLAGS_value=
ac_cv_env_CPPFLAGS_set=
ac_cv_env_CPPFLAGS_value=
ac_cv_env_CPP_set=
ac_cv_env_CPP_value=
ac_cv_env_CXXCPP_set=
ac_cv_env_CXXCPP_value=
ac_cv_env_CXXFLAGS_set=
ac_cv_env_CXXFLAGS_value=
ac_cv_env_CXX_set=
ac_cv_env_CXX_value=
ac_cv_env_LDFLAGS_set=
ac_cv_env_LDFLAGS_value=
ac_cv_env_LIBS_set=
ac_cv_env_LIBS_value=
ac_cv_env_build_alias_set=
ac_cv_env_build_alias_value=
ac_cv_env_host_alias_set=
ac_cv_env_host_alias_value=
ac_cv_env_target_alias_set=
ac_cv_env_target_alias_value=
ac_cv_func_mkstemp=yes
ac_cv_func_mkstemps=yes
ac_cv_header_bits_atomicity_h=no
ac_cv_header_ext_atomicity_h=yes
ac_cv_header_inttypes_h=yes
ac_cv_header_memory_h=yes
ac_cv_header_stdc=yes
ac_cv_header_stdint_h=yes
ac_cv_header_stdlib_h=yes
ac_cv_header_string_h=yes
ac_cv_header_strings_h=yes
ac_cv_header_sys_stat_h=yes
ac_cv_header_sys_types_h=yes
ac_cv_header_unistd_h=yes
ac_cv_host=x86_64-unknown-linux-gnu
ac_cv_lib_iberty_mkstemps=no
ac_cv_lib_m_log=yes
ac_cv_lib_pthread_pthread_create=yes
ac_cv_lib_z_deflate=yes
ac_cv_objext=o
ac_cv_path_AR=/usr/bin/ar
ac_cv_path_EGREP='/usr/bin/grep -E'
ac_cv_path_GREP=/usr/bin/grep
ac_cv_path_install='/usr/bin/install -c'
ac_cv_prog_CPP='gcc -E'
ac_cv_prog_CXXCPP='g++ -E'
ac_cv_prog_ac_ct_CC=gcc
ac_cv_prog_ac_ct_CXX=g++
ac_cv_prog_cc_c89=
ac_cv_prog_cc_g=yes
ac_cv_prog_cxx_g=yes
ac_cv_sys_file_offset_bits=no
ac_cv_sys_largefile_CC=no
ac_cv_sys_largefile_source=no

## ----------------- ##
## Output variables. ##
## ----------------- ##

AR='/usr/bin/ar'
CC='gcc'
CFLAGS='-g -O3'
CPP='gcc -E'
CPPFLAGS=''
CSHARP_SHARED='-shared'
CSHARP_SO='.so'
CXX='g++'
CXXCPP='g++ -E'
CXXFLAGS='-g -O3'
DEFS='-DPACKAGE_NAME=\"Indri\" -DPACKAGE_TARNAME=\"indri\" -DPACKAGE_VERSION=\"5.8\" -DPACKAGE_STRING=\"Indri\ 5.8\" -DPACKAGE_BUGREPORT=\"project@lemurproject.org\" -DINDRI_STANDALONE=1 -DHAVE_LIBM=1 -DHAVE_LIBPTHREAD=1 -DHAVE_LIBZ=1 -DHAVE_NAMESPACES=/\*\*/ -DISNAN_IN_NAMESPACE_STD=/\*\*/ -DSTDC_HEADERS=1 -DHAVE_SYS_TYPES_H=1 -DHAVE_SYS_STAT_H=1 -DHAVE_STDLIB_H=1 -DHAVE_STRING_H=1 -DHAVE_MEMORY_H=1 -DHAVE_STRINGS_H=1 -DHAVE_INTTYPES_H=1 -DHAVE_STDINT_H=1 -DHAVE_UNISTD_H=1 -DHAVE_FSEEKO=1 -DHAVE_EXT_ATOMICITY_H=1 -DP_NEEDS_GNU_CXX_NAMESPACE=1 -DHAVE_MKSTEMP=1 -DHAVE_MKSTEMPS=1 -DNDEBUG=1'
ECHO_C=''
ECHO_N='-n'
ECHO_T=''
EGREP='/usr/bin/grep -E'
EXEEXT=''
GCC_33='0'
GREP='/usr/bin/grep'
INDRI_STANDALONE='1'
INSTALL_DATA='${INSTALL} -m 644'
INSTALL_PROGRAM='${INSTALL}'
INSTALL_SCRIPT='${INSTALL}'
JAR='/usr/java/jdk1.8.0_65/bin/jar'
JAVAC='/usr/java/jdk1.8.0_65/bin/javac'
JAVADOC='/usr/java/jdk1.8.0_65/bin/javadoc'
JAVAHOME='/usr/java/jdk1.8.0_65'
JAVAINC='-I/usr/java/jdk1.8.0_65/include -I/usr/java/jdk1.8.0_65/include/linux'
JAVA_SHARED='-shared'
JAVA_SO='.so'
LDFLAGS=''
LEX=':'
LEXLIB=''
LEX_OUTPUT_ROOT=''
LIBOBJS=''
LIBS='-lz -lpthread -lm '
LTLIBOBJS=''
MCS=''
NEED_ANTLR='1'
OBJEXT='o'
PACKAGE_BUGREPORT='project@lemurproject.org'
PACKAGE_NAME='Indri'
PACKAGE_STRING='Indri 5.8'
PACKAGE_TARNAME='indri'
PACKAGE_VERSION='5.8'
PATH_SEPARATOR=':'
PHPCONFIG=''
PHPINCLUDE=''
PHP_SHARED='-shared'
PHP_SO='.so'
SHARED='-shared -fPIC'
SHELL='/bin/sh'
SITESEED='unknownhost'
SWIG=''
WITH_CSHARP='0'
WITH_JAVA='1'
WITH_PHP='0'
WITH_SWIG='1'
ac_ct_CC='gcc'
ac_ct_CXX='g++'
bindir='${exec_prefix}/bin'
build='x86_64-unknown-linux-gnu'
build_alias=''
build_cpu='x86_64'
build_os='linux-gnu'
build_vendor='unknown'
datadir='${datarootdir}'
datarootdir='${prefix}/share'
docdir='${datarootdir}/doc/${PACKAGE_TARNAME}'
dvidir='${docdir}'
exec_prefix='${prefix}'
host='x86_64-unknown-linux-gnu'
host_alias=''
host_cpu='x86_64'
host_os='linux-gnu'
host_vendor='unknown'
htmldir='${docdir}'
includedir='${prefix}/include'
infodir='${datarootdir}/info'
libdir='${exec_prefix}/lib'
libexecdir='${exec_prefix}/libexec'
localedir='${datarootdir}/locale'
localstatedir='${prefix}/var'
mandir='${datarootdir}/man'
oldincludedir='/usr/include'
pdfdir='${docdir}'
prefix='/usr/local'
program_transform_name='s,x,x,'
psdir='${docdir}'
sbindir='${exec_prefix}/sbin'
sharedstatedir='${prefix}/com'
sysconfdir='${prefix}/etc'
target_alias=''

## ----------- ##
## confdefs.h. ##
## ----------- ##

#define PACKAGE_NAME "Indri"
#define PACKAGE_TARNAME "indri"
#define PACKAGE_VERSION "5.8"
#define PACKAGE_STRING "Indri 5.8"
#define PACKAGE_BUGREPORT "project@lemurproject.org"
#define INDRI_STANDALONE 1
#define HAVE_LIBM 1
#define HAVE_LIBPTHREAD 1
#define HAVE_LIBZ 1
#define HAVE_NAMESPACES /**/
#define ISNAN_IN_NAMESPACE_STD /**/
#define STDC_HEADERS 1
#define HAVE_SYS_TYPES_H 1
#define HAVE_SYS_STAT_H 1
#define HAVE_STDLIB_H 1
#define HAVE_STRING_H 1
#define HAVE_MEMORY_H 1
#define HAVE_STRINGS_H 1
#define HAVE_INTTYPES_H 1
#define HAVE_STDINT_H 1
#define HAVE_UNISTD_H 1
#define HAVE_FSEEKO 1
#define HAVE_EXT_ATOMICITY_H 1
#define P_NEEDS_GNU_CXX_NAMESPACE 1
#define HAVE_MKSTEMP 1
#define HAVE_MKSTEMPS 1
#define NDEBUG 1

configure: exit 0
